=== Suite started at 2009-07-30 13:13:38
=== Starting test, 1 test cases
=cases         1
=user          mcaprari
=host          MCAPRARIPC
=hosts         MCAPRARIPC 
=emulator_vsn  5.7.2
=emulator      beam
=otp_release   R13B01
=started       2009-07-30 13:13:38
=case          dummy_test_SUITE:unittest
=logfile       dummy_test_suite.unittest.html
=started       2009-07-30 13:13:38
=ended         2009-07-30 13:13:38
=result        failed: {undef,[{dummy,dummy_sum,[3,2]},
                               {dummy_test_SUITE,unittest,1},
                               {test_server,my_apply,3},
                               {test_server,ts_tc,3},
                               {test_server,run_test_case_eval1,5},
                               {test_server,run_test_case_eval,7}]}, [{dummy_test_SUITE,
                                                                       unittest,
                                                                       11}]
=== *** FAILED *** test case 1 of 1
=== TEST COMPLETE, 0 ok, 1 failed of 1 test cases

=finished      2009-07-30 13:13:38
=failed        1
=successful    0
=skipped       0
